<?xml version="1.0" encoding="UTF-8"?>
<!-- Generated by org.testng.reporters.JUnitXMLReporter -->
<testsuite hostname="Ashwinis-Air" ignored="0" name="Test" tests="1" failures="0" timestamp="2022-01-27T13:46:32 PST" time="5.103" errors="0">
  <testcase name="@BeforeMethod LoginLaunchBefore" time="5.013" classname="salesforceproject.AutomationScript">
    <failure type="org.openqa.selenium.WebDriverException" message="unknown error: Chrome failed to start: crashed.
  (chrome not reachable)
  (The process started from chrome location /Applications/Google Chrome.app/Contents/MacOS/Google Chrome is no longer running, so ChromeDriver is assuming that Chrome has crashed.)
Build info: version: &amp;apos;3.141.59&amp;apos;, revision: &amp;apos;e82be7d358&amp;apos;, time: &amp;apos;2018-11-14T08:17:03&amp;apos;
System info: host: &amp;apos;Ashwinis-Air&amp;apos;, ip: &amp;apos;fe80:0:0:0:446:46fd:11b7:ed4b%en0&amp;apos;, os.name: &amp;apos;Mac OS X&amp;apos;, os.arch: &amp;apos;x86_64&amp;apos;, os.version: &amp;apos;10.16&amp;apos;, java.version: &amp;apos;1.8.0_202&amp;apos;
Driver info: driver.version: ChromeDriver
remote stacktrace: 0   chromedriver                        0x00000001031d9e69 chromedriver + 5160553
1   chromedriver                        0x0000000103164593 chromedriver + 4679059
2   chromedriver                        0x0000000102d182c8 chromedriver + 172744
3   chromedriver                        0x0000000102d3b2b1 chromedriver + 316081
4   chromedriver                        0x0000000102d36cf6 chromedriver + 298230
5   chromedriver                        0x0000000102d71423 chromedriver + 537635
6   chromedriver                        0x0000000102d6b123 chromedriver + 512291
7   chromedriver                        0x0000000102d40dce chromedriver + 339406
8   chromedriver                        0x0000000102d42105 chromedriver + 344325
9   chromedriver                        0x000000010319523e chromedriver + 4878910
10  chromedriver                        0x00000001031acd17 chromedriver + 4975895
11  chromedriver                        0x00000001031b2a3f chromedriver + 4999743
12  chromedriver                        0x00000001031ad61a chromedriver + 4978202
13  chromedriver                        0x0000000103189bb1 chromedriver + 4832177
14  chromedriver                        0x00000001031c9fd8 chromedriver + 5095384
15  chromedriver                        0x00000001031ca161 chromedriver + 5095777
16  chromedriver                        0x00000001031e12a8 chromedriver + 5190312
17  libsystem_pthread.dylib             0x00007fff203f68fc _pthread_start + 224
18  libsystem_pthread.dylib             0x00007fff203f2443 thread_start + 15
">
      <![CDATA[org.openqa.selenium.WebDriverException: unknown error: Chrome failed to start: crashed.
  (chrome not reachable)
  (The process started from chrome location /Applications/Google Chrome.app/Contents/MacOS/Google Chrome is no longer running, so ChromeDriver is assuming that Chrome has crashed.)
Build info: version: '3.141.59', revision: 'e82be7d358', time: '2018-11-14T08:17:03'
System info: host: 'Ashwinis-Air', ip: 'fe80:0:0:0:446:46fd:11b7:ed4b%en0', os.name: 'Mac OS X', os.arch: 'x86_64', os.version: '10.16', java.version: '1.8.0_202'
Driver info: driver.version: ChromeDriver
remote stacktrace: 0   chromedriver                        0x00000001031d9e69 chromedriver + 5160553
1   chromedriver                        0x0000000103164593 chromedriver + 4679059
2   chromedriver                        0x0000000102d182c8 chromedriver + 172744
3   chromedriver                        0x0000000102d3b2b1 chromedriver + 316081
4   chromedriver                        0x0000000102d36cf6 chromedriver + 298230
5   chromedriver                        0x0000000102d71423 chromedriver + 537635
6   chromedriver                        0x0000000102d6b123 chromedriver + 512291
7   chromedriver                        0x0000000102d40dce chromedriver + 339406
8   chromedriver                        0x0000000102d42105 chromedriver + 344325
9   chromedriver                        0x000000010319523e chromedriver + 4878910
10  chromedriver                        0x00000001031acd17 chromedriver + 4975895
11  chromedriver                        0x00000001031b2a3f chromedriver + 4999743
12  chromedriver                        0x00000001031ad61a chromedriver + 4978202
13  chromedriver                        0x0000000103189bb1 chromedriver + 4832177
14  chromedriver                        0x00000001031c9fd8 chromedriver + 5095384
15  chromedriver                        0x00000001031ca161 chromedriver + 5095777
16  chromedriver                        0x00000001031e12a8 chromedriver + 5190312
17  libsystem_pthread.dylib             0x00007fff203f68fc _pthread_start + 224
18  libsystem_pthread.dylib             0x00007fff203f2443 thread_start + 15

at org.openqa.selenium.remote.W3CHandshakeResponse.lambda$errorHandler$0(W3CHandshakeResponse.java:62)
at org.openqa.selenium.remote.HandshakeResponse.lambda$getResponseFunction$0(HandshakeResponse.java:30)
at org.openqa.selenium.remote.ProtocolHandshake.lambda$createSession$0(ProtocolHandshake.java:126)
at java.util.stream.ReferencePipeline$3$1.accept(ReferencePipeline.java:193)
at java.util.Spliterators$ArraySpliterator.tryAdvance(Spliterators.java:958)
at java.util.stream.ReferencePipeline.forEachWithCancel(ReferencePipeline.java:126)
at java.util.stream.AbstractPipeline.copyIntoWithCancel(AbstractPipeline.java:498)
at java.util.stream.AbstractPipeline.copyInto(AbstractPipeline.java:485)
at java.util.stream.AbstractPipeline.wrapAndCopyInto(AbstractPipeline.java:471)
at java.util.stream.FindOps$FindOp.evaluateSequential(FindOps.java:152)
at java.util.stream.AbstractPipeline.evaluate(AbstractPipeline.java:234)
at java.util.stream.ReferencePipeline.findFirst(ReferencePipeline.java:464)
at org.openqa.selenium.remote.ProtocolHandshake.createSession(ProtocolHandshake.java:128)
at org.openqa.selenium.remote.ProtocolHandshake.createSession(ProtocolHandshake.java:74)
at org.openqa.selenium.remote.HttpCommandExecutor.execute(HttpCommandExecutor.java:136)
at org.openqa.selenium.remote.service.DriverCommandExecutor.execute(DriverCommandExecutor.java:83)
at org.openqa.selenium.remote.RemoteWebDriver.execute(RemoteWebDriver.java:552)
at org.openqa.selenium.remote.RemoteWebDriver.startSession(RemoteWebDriver.java:213)
at org.openqa.selenium.remote.RemoteWebDriver.<init>(RemoteWebDriver.java:131)
at org.openqa.selenium.chrome.ChromeDriver.<init>(ChromeDriver.java:181)
at org.openqa.selenium.chrome.ChromeDriver.<init>(ChromeDriver.java:168)
at org.openqa.selenium.chrome.ChromeDriver.<init>(ChromeDriver.java:123)
at salesforceproject.ReusableMethoda.Launch(ReusableMethoda.java:26)
at salesforceproject.AutomationScript.LoginLaunchBefore(AutomationScript.java:489)
at java.util.ArrayList.forEach(ArrayList.java:1257)
... Removed 35 stack frames]]>
    </failure>
  </testcase> <!-- @BeforeMethod LoginLaunchBefore -->
  <testcase name="handleContact31" time="0.0" classname="salesforceproject.AutomationScript">
    <skipped/>
  </testcase> <!-- handleContact31 -->
</testsuite> <!-- Test -->
